TN:
SF:src/components/shared/AuditTimeline.tsx
FN:25,AuditTimeline
FN:29,(anonymous_1)
FN:34,(anonymous_2)
FN:35,(anonymous_3)
FN:47,(anonymous_4)
FN:59,(anonymous_5)
FNF:6
FNH:6
FNDA:21,AuditTimeline
FNDA:6,(anonymous_1)
FNDA:52,(anonymous_2)
FNDA:195,(anonymous_3)
FNDA:6,(anonymous_4)
FNDA:9,(anonymous_5)
DA:20,1
DA:26,21
DA:28,21
DA:29,6
DA:32,19
DA:35,195
DA:36,52
DA:37,52
DA:38,52
DA:47,6
DA:60,9
LF:11
LH:11
BRDA:28,0,0,2
BRDA:28,0,1,19
BRDA:35,1,0,52
BRDA:35,1,1,18
BRDA:37,2,0,52
BRDA:37,2,1,34
BRDA:42,3,0,52
BRDA:42,3,1,34
BRDA:46,4,0,52
BRDA:46,4,1,34
BRDA:47,5,0,1
BRDA:47,5,1,5
BRDA:48,6,0,5
BRDA:48,6,1,29
BRDA:56,7,0,52
BRDA:56,7,1,34
BRDA:57,8,0,52
BRDA:57,8,1,5
BRDA:57,8,2,5
BRF:19
BRH:19
end_of_record
TN:
SF:src/components/shared/ConfirmDialog.tsx
FN:17,ConfirmDialog
FN:20,(anonymous_1)
FNF:2
FNH:2
FNDA:18,ConfirmDialog
FNDA:2,(anonymous_1)
DA:18,18
DA:20,17
DA:21,2
DA:22,2
DA:25,17
LF:5
LH:5
BRDA:17,0,0,18
BRDA:17,1,0,18
BRDA:17,2,0,18
BRDA:18,3,0,1
BRDA:18,3,1,17
BRDA:22,4,0,2
BRDA:22,4,1,0
BRDA:27,5,0,3
BRDA:27,5,1,14
BRDA:31,6,0,18
BRDA:31,6,1,3
BRDA:50,7,0,3
BRDA:50,7,1,14
BRDA:53,8,0,18
BRDA:53,8,1,3
BRF:15
BRH:14
end_of_record
TN:
SF:src/components/shared/DataTable.tsx
FN:30,DataTable
FN:43,(anonymous_1)
FN:47,(anonymous_2)
FN:83,(anonymous_3)
FN:85,(anonymous_4)
FN:106,(anonymous_5)
FN:109,(anonymous_6)
FN:112,(anonymous_7)
FNF:8
FNH:6
FNDA:31,DataTable
FNDA:0,(anonymous_1)
FNDA:0,(anonymous_2)
FNDA:26,(anonymous_3)
FNDA:52,(anonymous_4)
FNDA:48,(anonymous_5)
FNDA:2,(anonymous_6)
FNDA:96,(anonymous_7)
DA:33,31
DA:34,31
DA:35,31
DA:37,31
DA:44,0
DA:45,0
DA:46,0
DA:47,0
DA:48,0
DA:59,31
DA:61,31
DA:84,26
DA:86,52
DA:107,48
DA:109,2
DA:113,96
LF:16
LH:11
BRDA:31,0,0,31
BRDA:44,1,0,0
BRDA:44,1,1,0
BRDA:46,2,0,0
BRDA:46,2,1,0
BRDA:76,3,0,2
BRDA:76,3,1,29
BRDA:78,4,0,3
BRDA:78,4,1,26
BRDA:79,5,0,3
BRDA:79,5,1,2
BRDA:87,6,0,0
BRDA:87,6,1,52
BRDA:89,7,0,52
BRDA:89,7,1,52
BRDA:93,8,0,52
BRDA:93,8,1,52
BRDA:94,9,0,2
BRDA:94,9,1,50
BRDA:95,10,0,0
BRDA:95,10,1,50
BRDA:110,11,0,48
BRDA:110,11,1,4
BRDA:110,12,0,48
BRDA:110,12,1,0
BRDA:124,13,0,31
BRDA:124,13,1,29
BRDA:124,13,2,26
BRF:28
BRH:21
end_of_record
TN:
SF:src/components/shared/DataTableColumnToggle.tsx
FN:9,DataTableColumnToggle
FN:13,(anonymous_1)
FN:14,(anonymous_2)
FN:18,(anonymous_3)
FN:23,(anonymous_4)
FN:28,(anonymous_5)
FN:28,(anonymous_6)
FNF:7
FNH:7
FNDA:22,DataTableColumnToggle
FNDA:11,(anonymous_1)
FNDA:1,(anonymous_2)
FNDA:11,(anonymous_3)
FNDA:10,(anonymous_4)
FNDA:10,(anonymous_5)
FNDA:9,(anonymous_6)
DA:10,22
DA:11,22
DA:13,22
DA:14,11
DA:15,1
DA:17,11
DA:18,11
DA:21,22
DA:23,10
DA:28,10
DA:29,9
LF:11
LH:11
BRDA:15,0,0,1
BRDA:15,0,1,0
BRDA:15,1,0,1
BRDA:15,1,1,1
BRDA:26,2,0,22
BRDA:26,2,1,9
BRDA:36,3,0,8
BRDA:36,3,1,1
BRF:8
BRH:7
end_of_record
TN:
SF:src/components/shared/DataTableExport.tsx
FN:9,DataTableExport
FN:10,(anonymous_1)
FN:11,(anonymous_2)
FN:14,(anonymous_3)
FN:15,(anonymous_4)
FN:21,(anonymous_5)
FN:21,(anonymous_6)
FNF:7
FNH:7
FNDA:6,DataTableExport
FNDA:5,(anonymous_1)
FNDA:7,(anonymous_2)
FNDA:3,(anonymous_3)
FNDA:5,(anonymous_4)
FNDA:3,(anonymous_5)
FNDA:5,(anonymous_6)
DA:10,6
DA:11,5
DA:12,7
DA:14,5
DA:15,3
DA:16,5
DA:17,5
DA:18,5
DA:21,5
DA:22,5
DA:23,5
DA:24,5
DA:25,5
DA:26,5
DA:27,5
DA:30,6
LF:16
LH:16
BRDA:9,0,0,6
BRDA:12,1,0,7
BRDA:12,1,1,0
BRDA:17,2,0,0
BRDA:17,2,1,5
BRDA:17,3,0,5
BRDA:17,3,1,5
BRF:7
BRH:5
end_of_record
TN:
SF:src/components/shared/DataTablePagination.tsx
FN:9,DataTablePagination
FN:16,(anonymous_1)
FN:19,(anonymous_2)
FN:33,(anonymous_3)
FN:36,(anonymous_4)
FN:42,(anonymous_5)
FN:45,(anonymous_6)
FNF:7
FNH:7
FNDA:39,DataTablePagination
FNDA:1,(anonymous_1)
FNDA:155,(anonymous_2)
FNDA:1,(anonymous_3)
FNDA:1,(anonymous_4)
FNDA:1,(anonymous_5)
FNDA:1,(anonymous_6)
DA:10,39
DA:16,1
DA:20,155
DA:33,1
DA:36,1
DA:42,1
DA:45,1
LF:7
LH:7
BRDA:9,0,0,39
BRF:1
BRH:1
end_of_record
TN:
SF:src/components/shared/DataTableSkeleton.tsx
FN:8,DataTableSkeleton
FN:11,(anonymous_1)
FN:13,(anonymous_2)
FNF:3
FNH:3
FNDA:2,DataTableSkeleton
FNDA:10,(anonymous_1)
FNDA:20,(anonymous_2)
DA:9,2
DA:12,10
DA:14,20
LF:3
LH:3
BRDA:8,0,0,2
BRDA:16,1,0,10
BRDA:16,1,1,10
BRF:3
BRH:3
end_of_record
TN:
SF:src/components/shared/DataTableToolbar.tsx
FN:19,DataTableToolbar
FN:40,(anonymous_1)
FN:45,(anonymous_2)
FNF:3
FNH:2
FNDA:31,DataTableToolbar
FNDA:5,(anonymous_1)
FNDA:0,(anonymous_2)
DA:22,31
DA:23,31
DA:25,12
DA:40,5
DA:45,0
LF:5
LH:4
BRDA:22,0,0,31
BRDA:22,0,1,19
BRDA:22,0,2,19
BRDA:23,1,0,19
BRDA:23,1,1,12
BRDA:23,2,0,31
BRDA:23,2,1,19
BRDA:28,3,0,0
BRDA:28,3,1,12
BRDA:28,4,0,12
BRDA:28,4,1,0
BRDA:34,5,0,12
BRDA:34,5,1,12
BRDA:39,6,0,12
BRDA:39,6,1,2
BRDA:44,7,0,12
BRDA:44,7,1,10
BRDA:54,8,0,31
BRDA:54,8,1,0
BRDA:55,9,0,31
BRDA:55,9,1,0
BRF:21
BRH:17
end_of_record
TN:
SF:src/components/shared/DateRangePicker.tsx
FN:15,(anonymous_0)
FN:16,(anonymous_1)
FN:17,(anonymous_2)
FN:18,(anonymous_3)
FN:19,(anonymous_4)
FN:20,(anonymous_5)
FN:23,DateRangePicker
FN:27,(anonymous_7)
FN:28,(anonymous_8)
FN:30,(anonymous_9)
FN:40,(anonymous_10)
FN:50,(anonymous_11)
FN:53,(anonymous_12)
FN:63,(anonymous_13)
FN:67,(anonymous_14)
FNF:15
FNH:9
FNDA:2,(anonymous_0)
FNDA:1,(anonymous_1)
FNDA:0,(anonymous_2)
FNDA:0,(anonymous_3)
FNDA:0,(anonymous_4)
FNDA:0,(anonymous_5)
FNDA:25,DateRangePicker
FNDA:13,(anonymous_7)
FNDA:1,(anonymous_8)
FNDA:13,(anonymous_9)
FNDA:8,(anonymous_10)
FNDA:48,(anonymous_11)
FNDA:3,(anonymous_12)
FNDA:0,(anonymous_13)
FNDA:0,(anonymous_14)
DA:14,1
DA:15,2
DA:16,1
DA:17,0
DA:18,0
DA:19,0
DA:20,0
DA:24,25
DA:25,25
DA:27,25
DA:28,13
DA:29,13
DA:30,13
DA:33,25
DA:37,25
DA:40,8
DA:51,48
DA:53,3
DA:63,0
DA:67,0
LF:20
LH:14
BRDA:28,0,0,1
BRDA:28,0,1,0
BRDA:28,1,0,1
BRDA:28,1,1,1
BRDA:33,2,0,1
BRDA:33,2,1,24
BRDA:33,3,0,25
BRDA:33,3,1,1
BRDA:40,4,0,8
BRDA:40,4,1,8
BRDA:42,5,0,25
BRDA:42,5,1,2
BRDA:48,6,0,25
BRDA:48,6,1,8
BRDA:63,7,0,0
BRDA:63,7,1,8
BRDA:63,8,0,0
BRDA:63,8,1,0
BRDA:67,9,0,0
BRDA:67,9,1,8
BRDA:67,10,0,0
BRDA:67,10,1,0
BRF:22
BRH:15
end_of_record
TN:
SF:src/components/shared/EmptyState.tsx
FN:13,EmptyState
FNF:1
FNH:1
FNDA:16,EmptyState
DA:14,16
LF:1
LH:1
BRDA:13,0,0,16
BRDA:18,1,0,16
BRDA:18,1,1,4
BRDA:19,2,0,16
BRDA:19,2,1,3
BRDA:24,3,0,3
BRDA:24,3,1,1
BRF:7
BRH:7
end_of_record
TN:
SF:src/components/shared/ExportMenu.tsx
FN:11,ExportMenu
FN:15,(anonymous_1)
FN:16,(anonymous_2)
FN:18,(anonymous_3)
FN:32,(anonymous_4)
FN:37,(anonymous_5)
FN:38,(anonymous_6)
FNF:7
FNH:7
FNDA:30,ExportMenu
FNDA:14,(anonymous_1)
FNDA:1,(anonymous_2)
FNDA:14,(anonymous_3)
FNDA:12,(anonymous_4)
FNDA:14,(anonymous_5)
FNDA:3,(anonymous_6)
DA:12,30
DA:13,30
DA:15,30
DA:16,14
DA:17,14
DA:18,14
DA:21,30
DA:28,30
DA:30,29
DA:32,12
DA:38,14
LF:11
LH:11
BRDA:16,0,0,1
BRDA:16,0,1,0
BRDA:16,1,0,1
BRDA:16,1,1,1
BRDA:22,2,0,30
BRDA:22,2,1,20
BRDA:23,3,0,30
BRDA:23,3,1,7
BRDA:24,4,0,30
BRDA:24,4,1,4
BRDA:25,5,0,30
BRDA:25,5,1,4
BRDA:28,6,0,1
BRDA:28,6,1,29
BRDA:35,7,0,29
BRDA:35,7,1,11
BRF:16
BRH:15
end_of_record
TN:
SF:src/components/shared/FormSection.tsx
FN:13,FormSection
FN:20,(anonymous_1)
FNF:2
FNH:2
FNDA:18,FormSection
FNDA:4,(anonymous_1)
DA:14,18
DA:16,18
DA:20,4
LF:3
LH:3
BRDA:13,0,0,18
BRDA:19,1,0,18
BRDA:19,1,1,10
BRDA:20,2,0,4
BRDA:20,2,1,8
BRDA:24,3,0,18
BRDA:24,3,1,1
BRDA:26,4,0,18
BRDA:26,4,1,10
BRDA:26,5,0,10
BRDA:26,5,1,6
BRDA:28,6,0,18
BRDA:28,6,1,14
BRF:13
BRH:13
end_of_record
TN:
SF:src/components/shared/InfoGrid.tsx
FN:21,CopyButton
FN:23,(anonymous_1)
FN:26,(anonymous_2)
FN:35,formatValue
FN:48,InfoGrid
FN:52,(anonymous_5)
FNF:6
FNH:5
FNDA:5,CopyButton
FNDA:2,(anonymous_1)
FNDA:0,(anonymous_2)
FNDA:18,formatValue
FNDA:16,InfoGrid
FNDA:18,(anonymous_5)
DA:22,5
DA:23,5
DA:24,2
DA:25,2
DA:26,2
DA:28,5
DA:36,18
DA:37,17
DA:38,17
DA:39,2
DA:40,2
DA:41,0
DA:42,1
DA:43,1
DA:44,11
DA:49,16
DA:50,16
DA:53,18
LF:18
LH:17
BRDA:30,0,0,2
BRDA:30,0,1,3
BRDA:36,1,0,1
BRDA:36,1,1,17
BRDA:36,2,0,18
BRDA:36,2,1,4
BRDA:38,3,0,17
BRDA:38,3,1,2
BRDA:38,3,2,0
BRDA:38,3,3,1
BRDA:38,3,4,1
BRDA:38,3,5,11
BRDA:48,4,0,16
BRDA:53,5,0,0
BRDA:53,5,1,18
BRDA:55,6,0,18
BRDA:55,6,1,0
BRDA:55,7,0,18
BRDA:55,7,1,16
BRDA:55,7,2,3
BRDA:57,8,0,18
BRDA:57,8,1,3
BRDA:57,8,2,3
BRF:23
BRH:20
end_of_record
TN:
SF:src/components/shared/MoneyDisplay.tsx
FN:16,MoneyDisplay
FNF:1
FNH:1
FNDA:27,MoneyDisplay
DA:14,1
DA:17,27
DA:18,27
DA:19,27
DA:20,27
DA:22,27
LF:6
LH:6
BRDA:16,0,0,27
BRDA:16,1,0,27
BRDA:17,2,0,3
BRDA:17,2,1,24
BRDA:19,3,0,3
BRDA:19,3,1,24
BRDA:20,4,0,4
BRDA:20,4,1,23
BRDA:20,5,0,1
BRDA:20,5,1,22
BRDA:20,6,0,23
BRDA:20,6,1,1
BRDA:26,7,0,27
BRDA:26,7,1,3
BRDA:26,7,2,1
BRDA:27,8,0,27
BRDA:27,8,1,3
BRDA:27,8,2,2
BRDA:27,8,3,1
BRF:19
BRH:19
end_of_record
TN:
SF:src/components/shared/MoneyInput.tsx
FN:18,MoneyInput
FN:19,(anonymous_1)
FN:24,(anonymous_2)
FN:33,(anonymous_3)
FNF:4
FNH:4
FNDA:27,MoneyInput
FNDA:18,(anonymous_1)
FNDA:6,(anonymous_2)
FNDA:3,(anonymous_3)
DA:16,1
DA:19,27
DA:20,18
DA:21,18
DA:24,27
DA:25,6
DA:26,6
DA:27,6
DA:28,6
DA:29,6
DA:30,6
DA:33,27
DA:34,3
DA:35,3
DA:36,2
DA:37,1
DA:40,27
LF:17
LH:17
BRDA:18,0,0,27
BRDA:20,1,0,1
BRDA:20,1,1,17
BRDA:21,2,0,17
BRDA:21,2,1,1
BRDA:21,3,0,18
BRDA:21,3,1,17
BRDA:27,4,0,1
BRDA:27,4,1,5
BRDA:28,5,0,6
BRDA:28,5,1,0
BRDA:34,6,0,3
BRDA:34,6,1,0
BRDA:35,7,0,1
BRDA:35,7,1,2
BRDA:35,8,0,3
BRDA:35,8,1,1
BRDA:36,9,0,1
BRDA:36,9,1,1
BRDA:36,10,0,2
BRDA:36,10,1,1
BRDA:37,11,0,1
BRDA:37,11,1,0
BRDA:42,12,0,27
BRDA:42,12,1,1
BRDA:44,13,0,27
BRDA:44,13,1,0
BRDA:52,14,0,27
BRDA:52,14,1,26
BRDA:56,15,0,27
BRDA:56,15,1,2
BRDA:60,16,0,27
BRDA:60,16,1,2
BRF:33
BRH:29
end_of_record
TN:
SF:src/components/shared/PrintButton.tsx
FN:7,PrintButton
FN:9,(anonymous_1)
FNF:2
FNH:2
FNDA:6,PrintButton
FNDA:2,(anonymous_1)
DA:8,6
DA:9,2
LF:2
LH:2
BRDA:7,0,0,6
BRF:1
BRH:1
end_of_record
TN:
SF:src/components/shared/StatCard.tsx
FN:18,StatCard
FN:19,(anonymous_1)
FNF:2
FNH:2
FNDA:22,StatCard
FNDA:22,(anonymous_1)
DA:19,22
DA:20,22
DA:21,21
DA:22,17
DA:23,15
DA:24,14
DA:27,22
DA:28,3
DA:37,19
DA:39,22
LF:10
LH:10
BRDA:18,0,0,22
BRDA:20,1,0,1
BRDA:20,1,1,21
BRDA:21,2,0,4
BRDA:21,2,1,17
BRDA:21,3,0,2
BRDA:21,3,1,2
BRDA:22,4,0,2
BRDA:22,4,1,15
BRDA:23,5,0,1
BRDA:23,5,1,14
BRDA:27,6,0,3
BRDA:27,6,1,19
BRDA:37,7,0,1
BRDA:37,7,1,18
BRDA:37,8,0,1
BRDA:37,8,1,17
BRDA:43,9,0,22
BRDA:43,9,1,1
BRDA:46,10,0,22
BRDA:46,10,1,5
BRDA:47,11,0,1
BRDA:47,11,1,4
BRDA:47,12,0,1
BRDA:47,12,1,3
BRDA:49,13,0,3
BRDA:49,13,1,2
BRDA:50,14,0,5
BRDA:50,14,1,1
BRF:29
BRH:29
end_of_record
TN:
SF:src/components/shared/StatusBadge.tsx
FN:22,StatusBadge
FNF:1
FNH:1
FNDA:16,StatusBadge
DA:10,1
DA:18,1
DA:23,16
DA:24,16
LF:4
LH:4
BRDA:22,0,0,16
BRDA:23,1,0,16
BRDA:23,1,1,2
BRDA:28,2,0,15
BRDA:28,2,1,1
BRDA:30,3,0,16
BRDA:30,3,1,1
BRF:7
BRH:7
end_of_record
TN:
SF:src/components/shared/SummaryBar.tsx
FN:23,SummaryBar
FN:26,(anonymous_1)
FN:27,(anonymous_2)
FNF:3
FNH:3
FNDA:12,SummaryBar
FNDA:15,(anonymous_1)
FNDA:15,(anonymous_2)
DA:16,1
DA:24,12
DA:27,15
DA:28,15
DA:29,14
DA:30,13
DA:31,12
DA:32,11
DA:34,15
LF:9
LH:9
BRDA:28,0,0,1
BRDA:28,0,1,14
BRDA:29,1,0,1
BRDA:29,1,1,13
BRDA:30,2,0,1
BRDA:30,2,1,12
BRDA:31,3,0,1
BRDA:31,3,1,11
BRDA:37,4,0,15
BRDA:37,4,1,11
BRF:10
BRH:10
end_of_record
TN:
SF:src/components/shared/TabsPage.tsx
FN:21,TabsPage
FN:27,(anonymous_1)
FN:31,(anonymous_2)
FN:37,(anonymous_3)
FN:43,(anonymous_4)
FNF:5
FNH:5
FNDA:20,TabsPage
FNDA:4,(anonymous_1)
FNDA:26,(anonymous_2)
FNDA:100,(anonymous_3)
FNDA:4,(anonymous_4)
DA:22,20
DA:23,20
DA:24,20
DA:25,20
DA:27,20
DA:28,4
DA:31,26
DA:33,20
DA:38,100
DA:39,100
DA:40,100
DA:43,4
LF:12
LH:12
BRDA:23,0,0,1
BRDA:23,0,1,19
BRDA:24,1,0,20
BRDA:24,1,1,19
BRDA:25,2,0,20
BRDA:25,2,1,19
BRDA:28,3,0,0
BRDA:28,3,1,4
BRDA:31,4,0,20
BRDA:31,4,1,0
BRDA:43,5,0,4
BRDA:43,5,1,4
BRDA:47,6,0,20
BRDA:47,6,1,80
BRDA:48,7,0,100
BRDA:48,7,1,20
BRDA:51,8,0,100
BRDA:51,8,1,20
BRDA:53,9,0,100
BRDA:53,9,1,40
BRDA:53,9,2,20
BRF:21
BRH:19
end_of_record
TN:
SF:src/hooks/useDebounce.ts
FN:3,useDebounce
FN:6,(anonymous_1)
FN:7,(anonymous_2)
FN:8,(anonymous_3)
FNF:4
FNH:4
FNDA:34,useDebounce
FNDA:25,(anonymous_1)
FNDA:10,(anonymous_2)
FNDA:25,(anonymous_3)
DA:4,34
DA:6,34
DA:7,25
DA:8,25
DA:11,34
LF:5
LH:5
BRDA:3,0,0,34
BRF:1
BRH:1
end_of_record
TN:
SF:src/hooks/useMediaQuery.ts
FN:3,useMediaQuery
FN:4,(anonymous_1)
FN:9,(anonymous_2)
FN:11,(anonymous_3)
FN:13,(anonymous_4)
FN:20,(anonymous_5)
FN:21,(anonymous_6)
FN:22,(anonymous_7)
FNF:8
FNH:8
FNDA:12,useMediaQuery
FNDA:10,(anonymous_1)
FNDA:11,(anonymous_2)
FNDA:1,(anonymous_3)
FNDA:11,(anonymous_4)
FNDA:1,(anonymous_5)
FNDA:1,(anonymous_6)
FNDA:1,(anonymous_7)
DA:4,12
DA:5,10
DA:6,10
DA:9,12
DA:10,11
DA:11,11
DA:12,11
DA:13,11
DA:16,12
DA:20,1
DA:21,1
DA:22,1
LF:12
LH:12
BRDA:5,0,0,0
BRDA:5,0,1,10
BRF:2
BRH:1
end_of_record
TN:
SF:src/hooks/useOnlineStatus.ts
FN:3,useOnlineStatus
FN:6,(anonymous_1)
FN:7,(anonymous_2)
FN:8,(anonymous_3)
FN:11,(anonymous_4)
FNF:5
FNH:5
FNDA:11,useOnlineStatus
FNDA:6,(anonymous_1)
FNDA:2,(anonymous_2)
FNDA:3,(anonymous_3)
FNDA:6,(anonymous_4)
DA:4,11
DA:6,11
DA:7,6
DA:8,6
DA:9,6
DA:10,6
DA:11,6
DA:12,6
DA:13,6
DA:17,11
LF:10
LH:10
BRF:0
BRH:0
end_of_record
TN:
SF:src/hooks/usePermission.ts
FN:4,usePermission
FN:5,(anonymous_1)
FN:10,useHasRole
FN:11,(anonymous_3)
FN:16,useCanAccess
FN:17,(anonymous_5)
FNF:6
FNH:6
FNDA:13,usePermission
FNDA:20,(anonymous_1)
FNDA:9,useHasRole
FNDA:14,(anonymous_3)
FNDA:9,useCanAccess
FNDA:14,(anonymous_5)
DA:5,20
DA:6,13
DA:7,6
DA:11,14
DA:12,9
DA:13,4
DA:17,14
DA:18,9
DA:19,4
LF:9
LH:9
BRDA:6,0,0,7
BRDA:6,0,1,6
BRDA:12,1,0,5
BRDA:12,1,1,4
BRDA:18,2,0,5
BRDA:18,2,1,4
BRF:6
BRH:6
end_of_record
TN:
SF:src/hooks/useSidebarState.ts
FN:5,useSidebarState
FN:6,(anonymous_1)
FN:14,(anonymous_2)
FN:15,(anonymous_3)
FN:22,(anonymous_4)
FN:23,(anonymous_5)
FN:30,(anonymous_6)
FNF:7
FNH:7
FNDA:22,useSidebarState
FNDA:14,(anonymous_1)
FNDA:5,(anonymous_2)
FNDA:5,(anonymous_3)
FNDA:14,(anonymous_4)
FNDA:3,(anonymous_5)
FNDA:14,(anonymous_6)
DA:3,1
DA:6,22
DA:7,14
DA:8,14
DA:9,14
DA:10,6
DA:12,22
DA:14,22
DA:15,5
DA:16,5
DA:17,5
DA:18,5
DA:22,22
DA:23,14
DA:24,3
DA:25,2
DA:26,2
DA:29,14
DA:30,14
DA:33,22
LF:20
LH:20
BRDA:7,0,0,0
BRDA:7,0,1,14
BRDA:9,1,0,8
BRDA:9,1,1,6
BRDA:24,2,0,2
BRDA:24,2,1,1
BRDA:24,3,0,3
BRDA:24,3,1,1
BRDA:24,3,2,3
BRF:9
BRH:8
end_of_record
TN:
SF:src/lib/errorHandler.ts
FN:5,handleApiError
FN:46,onMutationError
FNF:2
FNH:1
FNDA:21,handleApiError
FNDA:0,onMutationError
DA:6,21
DA:7,12
DA:9,12
DA:10,2
DA:11,2
DA:14,10
DA:15,2
DA:16,2
DA:17,2
DA:20,8
DA:30,8
DA:31,12
DA:32,12
DA:33,12
DA:36,9
DA:37,4
DA:38,4
DA:41,5
DA:42,5
DA:47,0
LF:20
LH:19
BRDA:6,0,0,12
BRDA:6,0,1,9
BRDA:9,1,0,2
BRDA:9,1,1,10
BRDA:14,2,0,2
BRDA:14,2,1,8
BRDA:31,3,0,12
BRDA:31,3,1,7
BRDA:31,3,2,1
BRDA:36,4,0,4
BRDA:36,4,1,5
BRF:11
BRH:11
end_of_record
TN:
SF:src/lib/formatters.ts
FN:3,formatMoney
FN:10,formatMoneyCompact
FN:19,formatDate
FN:24,formatDateTime
FN:29,formatRelative
FN:34,formatAccountNumber
FN:38,formatPercent
FN:42,maskPan
FNF:8
FNH:8
FNDA:41,formatMoney
FNDA:15,formatMoneyCompact
FNDA:7,formatDate
FNDA:56,formatDateTime
FNDA:56,formatRelative
FNDA:6,formatAccountNumber
FNDA:9,formatPercent
FNDA:5,maskPan
DA:4,41
DA:5,41
DA:6,41
DA:7,41
DA:11,15
DA:12,15
DA:13,15
DA:14,11
DA:15,5
DA:16,2
DA:20,7
DA:21,7
DA:25,56
DA:26,56
DA:30,56
DA:31,56
DA:35,6
DA:39,9
DA:43,5
DA:44,5
LF:20
LH:20
BRDA:3,0,0,41
BRDA:4,1,0,1
BRDA:4,1,1,40
BRDA:6,2,0,41
BRDA:6,2,1,0
BRDA:10,3,0,15
BRDA:12,4,0,15
BRDA:12,4,1,0
BRDA:13,5,0,4
BRDA:13,5,1,11
BRDA:14,6,0,6
BRDA:14,6,1,5
BRDA:15,7,0,3
BRDA:15,7,1,2
BRDA:20,8,0,4
BRDA:20,8,1,3
BRDA:25,9,0,53
BRDA:25,9,1,3
BRDA:30,10,0,54
BRDA:30,10,1,2
BRDA:38,11,0,9
BRDA:43,12,0,0
BRDA:43,12,1,5
BRF:23
BRH:20
end_of_record
TN:
SF:src/lib/permissions.ts
FN:71,hasPermission
FN:72,(anonymous_1)
FN:75,(anonymous_2)
FN:82,hasRole
FN:84,(anonymous_4)
FN:103,canAccessPath
FN:104,(anonymous_6)
FNF:7
FNH:7
FNDA:8,hasPermission
FNDA:8,(anonymous_1)
FNDA:19,(anonymous_2)
FNDA:4,hasRole
FNDA:6,(anonymous_4)
FNDA:4,canAccessPath
FNDA:22,(anonymous_6)
DA:10,1
DA:72,8
DA:73,8
DA:74,8
DA:75,19
DA:83,4
DA:84,6
DA:88,1
DA:104,22
DA:105,4
DA:106,3
DA:107,2
LF:12
LH:12
BRDA:74,0,0,0
BRDA:74,0,1,8
BRDA:75,1,0,19
BRDA:75,1,1,17
BRDA:75,1,2,7
BRDA:75,1,3,2
BRDA:83,2,0,2
BRDA:83,2,1,2
BRDA:105,3,0,1
BRDA:105,3,1,3
BRDA:106,4,0,1
BRDA:106,4,1,2
BRF:12
BRH:11
end_of_record
TN:
SF:src/stores/authStore.ts
FN:23,(anonymous_0)
FN:33,(anonymous_1)
FN:63,(anonymous_2)
FN:86,(anonymous_3)
FN:98,(anonymous_4)
FN:111,(anonymous_5)
FN:113,(anonymous_6)
FNF:7
FNH:7
FNDA:4,(anonymous_0)
FNDA:8,(anonymous_1)
FNDA:4,(anonymous_2)
FNDA:3,(anonymous_3)
FNDA:6,(anonymous_4)
FNDA:3,(anonymous_5)
FNDA:2,(anonymous_6)
DA:23,4
DA:34,8
DA:35,8
DA:36,8
DA:38,6
DA:39,2
DA:44,2
DA:47,4
DA:58,2
DA:59,2
DA:64,4
DA:65,4
DA:67,4
DA:68,4
DA:69,4
DA:70,3
DA:81,1
DA:82,1
DA:87,3
DA:88,3
DA:90,3
DA:91,2
DA:99,6
DA:100,6
DA:111,3
LF:25
LH:25
BRDA:38,0,0,2
BRDA:38,0,1,4
BRDA:41,1,0,2
BRDA:41,1,1,0
BRDA:50,2,0,4
BRDA:50,2,1,0
BRDA:65,3,0,0
BRDA:65,3,1,4
BRDA:73,4,0,3
BRDA:73,4,1,0
BRDA:88,5,0,0
BRDA:88,5,1,3
BRF:12
BRH:7
end_of_record
TN:
SF:src/stores/notificationStore.ts
FN:23,(anonymous_0)
FN:27,(anonymous_1)
FN:34,(anonymous_2)
FN:40,(anonymous_3)
FN:40,(anonymous_4)
FN:41,(anonymous_5)
FN:42,(anonymous_6)
FN:45,(anonymous_7)
FN:45,(anonymous_8)
FN:46,(anonymous_9)
FN:50,(anonymous_10)
FN:50,(anonymous_11)
FN:51,(anonymous_12)
FN:53,(anonymous_13)
FN:58,(anonymous_14)
FNF:15
FNH:15
FNDA:1,(anonymous_0)
FNDA:250,(anonymous_1)
FNDA:250,(anonymous_2)
FNDA:8,(anonymous_3)
FNDA:8,(anonymous_4)
FNDA:11,(anonymous_5)
FNDA:8,(anonymous_6)
FNDA:4,(anonymous_7)
FNDA:4,(anonymous_8)
FNDA:8,(anonymous_9)
FNDA:5,(anonymous_10)
FNDA:5,(anonymous_11)
FNDA:5,(anonymous_12)
FNDA:6,(anonymous_13)
FNDA:4,(anonymous_14)
DA:23,1
DA:28,250
DA:34,250
DA:40,8
DA:41,11
DA:42,8
DA:45,4
DA:46,8
DA:50,5
DA:51,5
DA:52,5
DA:53,6
DA:58,4
LF:13
LH:13
BRDA:41,0,0,7
BRDA:41,0,1,4
BRDA:42,1,0,6
BRDA:42,1,1,2
BRDA:42,2,0,8
BRDA:42,2,1,7
BRDA:54,3,0,3
BRDA:54,3,1,2
BRDA:54,4,0,5
BRDA:54,4,1,4
BRF:10
BRH:10
end_of_record
TN:
SF:src/stores/uiStore.ts
FN:20,(anonymous_0)
FN:27,(anonymous_1)
FN:27,(anonymous_2)
FN:28,(anonymous_3)
FN:29,(anonymous_4)
FN:30,(anonymous_5)
FN:31,(anonymous_6)
FN:32,(anonymous_7)
FN:33,(anonymous_8)
FN:37,(anonymous_9)
FNF:10
FNH:10
FNDA:1,(anonymous_0)
FNDA:5,(anonymous_1)
FNDA:5,(anonymous_2)
FNDA:7,(anonymous_3)
FNDA:4,(anonymous_4)
FNDA:5,(anonymous_5)
FNDA:3,(anonymous_6)
FNDA:6,(anonymous_7)
FNDA:3,(anonymous_8)
FNDA:97,(anonymous_9)
DA:19,1
DA:21,1
DA:27,5
DA:28,7
DA:29,4
DA:30,5
DA:31,3
DA:32,6
DA:33,3
DA:37,97
LF:10
LH:10
BRF:0
BRH:0
end_of_record
